<?xml version="1.0" encoding="UTF-8"?>
<testsuite name="lang.ASTTests" tests="12" skipped="0" failures="0" errors="0" timestamp="2018-10-04T17:52:13" hostname="KevsMonsterPC" time="0.048">
  <properties/>
  <testcase name="whiletest" classname="lang.ASTTests" time="0.037"/>
  <testcase name="subtest" classname="lang.ASTTests" time="0.002"/>
  <testcase name="allexprtest" classname="lang.ASTTests" time="0.001"/>
  <testcase name="funcalltest" classname="lang.ASTTests" time="0.0"/>
  <testcase name="addtest" classname="lang.ASTTests" time="0.0"/>
  <testcase name="funtest" classname="lang.ASTTests" time="0.0"/>
  <testcase name="gcdtest" classname="lang.ASTTests" time="0.003"/>
  <testcase name="decltest" classname="lang.ASTTests" time="0.001"/>
  <testcase name="multest" classname="lang.ASTTests" time="0.0"/>
  <testcase name="addmultest" classname="lang.ASTTests" time="0.001"/>
  <testcase name="divtest" classname="lang.ASTTests" time="0.0"/>
  <testcase name="paramtest" classname="lang.ASTTests" time="0.0"/>
  <system-out><![CDATA[]]></system-out>
  <system-err><![CDATA[]]></system-err>
</testsuite>
