<?xml version="1.0" encoding="UTF-8"?>
<testsuite name="lang.TestDumpTree" tests="12" skipped="0" failures="0" errors="0" timestamp="2018-10-04T17:52:36" hostname="KevsMonsterPC" time="0.167">
  <properties/>
  <testcase name="runTest[addmultest.in]" classname="lang.TestDumpTree" time="0.046"/>
  <testcase name="runTest[addtest.in]" classname="lang.TestDumpTree" time="0.013"/>
  <testcase name="runTest[allexprtest.in]" classname="lang.TestDumpTree" time="0.017"/>
  <testcase name="runTest[decltest.in]" classname="lang.TestDumpTree" time="0.011"/>
  <testcase name="runTest[divtest.in]" classname="lang.TestDumpTree" time="0.01"/>
  <testcase name="runTest[funcalltest.in]" classname="lang.TestDumpTree" time="0.007"/>
  <testcase name="runTest[funtest.in]" classname="lang.TestDumpTree" time="0.005"/>
  <testcase name="runTest[gcd.in]" classname="lang.TestDumpTree" time="0.019"/>
  <testcase name="runTest[multest.in]" classname="lang.TestDumpTree" time="0.007"/>
  <testcase name="runTest[paramtest.in]" classname="lang.TestDumpTree" time="0.009"/>
  <testcase name="runTest[subtest.in]" classname="lang.TestDumpTree" time="0.007"/>
  <testcase name="runTest[whiletest.in]" classname="lang.TestDumpTree" time="0.01"/>
  <system-out><![CDATA[]]></system-out>
  <system-err><![CDATA[]]></system-err>
</testsuite>
